\BOOKMARK [0][]{titlepage.0}{Front page}{}% 1
\BOOKMARK [1][-]{declaration.1}{Statutory Declaration}{titlepage.0}% 2
\BOOKMARK [1][-]{Abstract.1}{Abstract}{titlepage.0}% 3
\BOOKMARK [1][-]{Zusammenfassung.1}{Zusammenfassung}{titlepage.0}% 4
\BOOKMARK [1][-]{tableofcontents.1}{Contents}{titlepage.0}% 5
\BOOKMARK [1][-]{acronyms.1}{Acronyms}{titlepage.0}% 6
\BOOKMARK [0][]{chapter.1}{1 Introduction}{}% 7
\BOOKMARK [1][-]{section.1.1}{1.1 Struktur der Arbeit}{chapter.1}% 8
\BOOKMARK [0][]{chapter.2}{2 Getting started}{}% 9
\BOOKMARK [1][-]{section.2.1}{2.1 Style Recommendations}{chapter.2}% 10
\BOOKMARK [1][-]{section.2.2}{2.2 Organization}{chapter.2}% 11
\BOOKMARK [1][-]{section.2.3}{2.3 Code listings}{chapter.2}% 12
\BOOKMARK [0][]{chapter.3}{3 Math Test Chapter}{}% 13
\BOOKMARK [1][-]{section.3.1}{3.1 Some Formulas}{chapter.3}% 14
\BOOKMARK [1][-]{section.3.2}{3.2 Various Mathematical Examples}{chapter.3}% 15
\BOOKMARK [0][]{chapter.4}{4 Zusammenfassung und Ausblick}{}% 16
\BOOKMARK [1][-]{section.4.1}{4.1 Ausblick}{chapter.4}% 17
\BOOKMARK [0][]{chapter.5}{5 Lots of lots of text}{}% 18
\BOOKMARK [0][]{appendix.A}{A Appendix Test}{}% 19
\BOOKMARK [1][-]{section.A.1}{A.1 Appendix Section Test}{appendix.A}% 20
\BOOKMARK [1][-]{section.A.2}{A.2 Another Appendix Section Test}{appendix.A}% 21
